*** Using Compiler 'V5.06 update 7 (build 960)', folder: 'C:\Keil_v5\ARM\ARMCC\Bin'
Build target 'demo'
assembling startup_cw32f030.s...
compiling interrupts_cw32f030.c...
compiling main.c...
User\src\main.c(42): error:  #513: a value of type "uint32_t" cannot be assigned to an entity of type "ADC_WdtTypeDef"
          ADC_SingleInitStruct.ADC_WdtStruct = ADC_WdtDisable;
User\src\main.c: 0 warnings, 1 error
compiling cw32f030_awt.c...
compiling cw32f030_btim.c...
compiling cw32f030_crc.c...
compiling cw32f030_atim.c...
compiling cw32f030_debug.c...
compiling cw32f030_adc.c...
compiling cw32f030_digitalsign.c...
compiling cw32f030_dma.c...
compiling cw32f030_flash.c...
compiling cw32f030_gpio.c...
compiling cw32f030_gtim.c...
compiling cw32f030_i2c.c...
compiling cw32f030_iwdt.c...
compiling cw32f030_lvd.c...
compiling cw32f030_pwr.c...
compiling cw32f030_ram.c...
compiling cw32f030_rcc.c...
compiling cw32f030_spi.c...
compiling cw32f030_systick.c...
compiling cw32f030_rtc.c...
compiling cw32f030_uart.c...
compiling cw32f030_wwdt.c...
compiling cw32f030_vc.c...
compiling system_cw32f030.c...
".\Objects\demo.axf" - 1 Error(s), 0 Warning(s).
Target not created.
Build Time Elapsed:  00:00:04
