*** Using Compiler 'V5.06 update 7 (build 960)', folder: 'C:\Keil_v5\ARM\ARMCC\Bin'
Build target 'demo'
compiling main.c...
User\src\main.c(74): warning:  #1295-D: Deprecated declaration FOC - give arg types
  static void FOC();
User\src\main.c(96): warning:  #111-D: statement is unreachable
          if (g_ticks & BIT8) {
User\src\main.c(88): warning:  #177-D: variable "DIin"  was declared but never referenced
      u32 DIin = 1230;  // 偏置电流设定
User\src\main.c(306): warning:  #177-D: function "PWM_Configuration"  was declared but never referenced
  static void PWM_Configuration(void)
User\src\main.c(406): warning:  #177-D: function "ADC_Configuration"  was declared but never referenced
  static void ADC_Configuration(void)
User\src\main.c(120): warning:  #177-D: function "NTC_GetTemp"  was declared but never referenced
  static f32 NTC_GetTemp(u16 adc)
User\src\main.c: 6 warnings, 0 errors
linking...
Program Size: Code=11208 RO-data=568 RW-data=40 ZI-data=528  
FromELF: creating hex file...
".\Objects\demo.axf" - 0 Error(s), 6 Warning(s).
Build Time Elapsed:  00:00:02
